
Circuit 1 cell sky130_fd_pr__nfet_01v8 and Circuit 2 cell sky130_fd_pr__nfet_01v8 are black boxes.
Equate elements:  no current cell.
Device classes sky130_fd_pr__nfet_01v8 and sky130_fd_pr__nfet_01v8 are equivalent.

Circuit 1 cell sky130_fd_pr__pfet_01v8 and Circuit 2 cell sky130_fd_pr__pfet_01v8 are black boxes.
Equate elements:  no current cell.
Device classes sky130_fd_pr__pfet_01v8 and sky130_fd_pr__pfet_01v8 are equivalent.
Flattening unmatched subcell unit_cell_decoder in circuit current_steering_dac_xschem.spice (0)(60 instances)
Flattening unmatched subcell current_steering_cell in circuit current_steering_dac_xschem.spice (0)(32 instances)
Flattening unmatched subcell dummy_current_steering_cell in circuit current_steering_dac_xschem.spice (0)(28 instances)
Flattening unmatched subcell half_dac_for_mirroring in circuit current_steering_dac.spice (1)(2 instances)
Flattening unmatched subcell dummy_current_steering_dac_unit_cell_with_encoder in circuit current_steering_dac.spice (1)(28 instances)
Flattening unmatched subcell current_steering_dac_unit_cell_with_encoder in circuit current_steering_dac.spice (1)(32 instances)

Class current_steering_dac_xschem.spice (0):  Merged 4 parallel devices.
Class current_steering_dac.spice (1):  Merged 4 parallel devices.
Subcircuit summary:
Circuit 1: current_steering_dac_xschem.spi |Circuit 2: current_steering_dac.spice      
-------------------------------------------|-------------------------------------------
sky130_fd_pr__pfet_01v8 (240->236)         |sky130_fd_pr__pfet_01v8 (240->236)         
sky130_fd_pr__nfet_01v8 (480)              |sky130_fd_pr__nfet_01v8 (480)              
Number of devices: 716                     |Number of devices: 716                     
Number of nets: 374                        |Number of nets: 374                        
---------------------------------------------------------------------------------------
NET mismatches: Class fragments follow (with fanout counts):
Circuit 1: current_steering_dac_xschem.spi |Circuit 2: current_steering_dac.spice      

---------------------------------------------------------------------------------------
Net: unit_cell_decoder:113/net2            |Net: /half_dac_for_mirroring_0//current_st 
  sky130_fd_pr__nfet_01v8/(1|3) = 2        |  sky130_fd_pr__nfet_01v8/(1|3) = 2        
                                           |                                           
Net: unit_cell_decoder:112/net2            |Net: /half_dac_for_mirroring_0//current_st 
  sky130_fd_pr__nfet_01v8/(1|3) = 2        |  sky130_fd_pr__nfet_01v8/(1|3) = 2        
                                           |                                           
Net: unit_cell_decoder:111/net2            |Net: /half_dac_for_mirroring_0//current_st 
  sky130_fd_pr__nfet_01v8/(1|3) = 2        |  sky130_fd_pr__nfet_01v8/(1|3) = 2        
                                           |                                           
Net: unit_cell_decoder:110/net2            |Net: /half_dac_for_mirroring_0//current_st 
  sky130_fd_pr__nfet_01v8/(1|3) = 2        |  sky130_fd_pr__nfet_01v8/(1|3) = 2        
                                           |                                           
Net: unit_cell_decoder:101/net2            |Net: /half_dac_for_mirroring_1//current_st 
  sky130_fd_pr__nfet_01v8/(1|3) = 2        |  sky130_fd_pr__nfet_01v8/(1|3) = 2        
                                           |                                           
Net: unit_cell_decoder:100/net2            |Net: /half_dac_for_mirroring_1//current_st 
  sky130_fd_pr__nfet_01v8/(1|3) = 2        |  sky130_fd_pr__nfet_01v8/(1|3) = 2        
                                           |                                           
Net: unit_cell_decoder:99/net2             |Net: /half_dac_for_mirroring_1//current_st 
  sky130_fd_pr__nfet_01v8/(1|3) = 2        |  sky130_fd_pr__nfet_01v8/(1|3) = 2        
                                           |                                           
Net: unit_cell_decoder:98/net2             |Net: /half_dac_for_mirroring_1//current_st 
  sky130_fd_pr__nfet_01v8/(1|3) = 2        |  sky130_fd_pr__nfet_01v8/(1|3) = 2        
                                           |                                           
Net: unit_cell_decoder:49/net2             |Net: /half_dac_for_mirroring_0//dummy_curr 
  sky130_fd_pr__nfet_01v8/(1|3) = 2        |  sky130_fd_pr__nfet_01v8/(1|3) = 2        
                                           |                                           
Net: unit_cell_decoder:45/net2             |Net: /half_dac_for_mirroring_0//dummy_curr 
  sky130_fd_pr__nfet_01v8/(1|3) = 2        |  sky130_fd_pr__nfet_01v8/(1|3) = 2        
                                           |                                           
Net: unit_cell_decoder:41/net2             |Net: /half_dac_for_mirroring_0//dummy_curr 
  sky130_fd_pr__nfet_01v8/(1|3) = 2        |  sky130_fd_pr__nfet_01v8/(1|3) = 2        
                                           |                                           
Net: unit_cell_decoder:37/net2             |Net: /half_dac_for_mirroring_0//dummy_curr 
  sky130_fd_pr__nfet_01v8/(1|3) = 2        |  sky130_fd_pr__nfet_01v8/(1|3) = 2        
                                           |                                           
Net: unit_cell_decoder:30/net2             |Net: /half_dac_for_mirroring_1//dummy_curr 
  sky130_fd_pr__nfet_01v8/(1|3) = 2        |  sky130_fd_pr__nfet_01v8/(1|3) = 2        
                                           |                                           
Net: unit_cell_decoder:22/net2             |Net: /half_dac_for_mirroring_1//dummy_curr 
  sky130_fd_pr__nfet_01v8/(1|3) = 2        |  sky130_fd_pr__nfet_01v8/(1|3) = 2        
                                           |                                           
Net: unit_cell_decoder:14/net2             |Net: /half_dac_for_mirroring_1//dummy_curr 
  sky130_fd_pr__nfet_01v8/(1|3) = 2        |  sky130_fd_pr__nfet_01v8/(1|3) = 2        
                                           |                                           
Net: unit_cell_decoder:5/net2              |Net: /half_dac_for_mirroring_1//dummy_curr 
  sky130_fd_pr__nfet_01v8/(1|3) = 2        |  sky130_fd_pr__nfet_01v8/(1|3) = 2        
---------------------------------------------------------------------------------------

---------------------------------------------------------------------------------------
Net: net115                                |Net: /half_dac_for_mirroring_0//dummy_curr 
  sky130_fd_pr__pfet_01v8/(1|3) = 1        |  sky130_fd_pr__nfet_01v8/(1|3) = 2        
  sky130_fd_pr__nfet_01v8/(1|3) = 2        |  sky130_fd_pr__pfet_01v8/2 = 1            
  sky130_fd_pr__pfet_01v8/2 = 1            |  sky130_fd_pr__pfet_01v8/(1|3) = 1        
  sky130_fd_pr__nfet_01v8/2 = 1            |  sky130_fd_pr__nfet_01v8/2 = 1            
                                           |                                           
Net: net113                                |Net: /half_dac_for_mirroring_0//dummy_curr 
  sky130_fd_pr__pfet_01v8/(1|3) = 1        |  sky130_fd_pr__nfet_01v8/(1|3) = 2        
  sky130_fd_pr__nfet_01v8/(1|3) = 2        |  sky130_fd_pr__pfet_01v8/2 = 1            
  sky130_fd_pr__pfet_01v8/2 = 1            |  sky130_fd_pr__pfet_01v8/(1|3) = 1        
  sky130_fd_pr__nfet_01v8/2 = 1            |  sky130_fd_pr__nfet_01v8/2 = 1            
                                           |                                           
Net: net111                                |Net: /half_dac_for_mirroring_0//dummy_curr 
  sky130_fd_pr__pfet_01v8/(1|3) = 1        |  sky130_fd_pr__nfet_01v8/(1|3) = 2        
  sky130_fd_pr__nfet_01v8/(1|3) = 2        |  sky130_fd_pr__pfet_01v8/2 = 1            
  sky130_fd_pr__pfet_01v8/2 = 1            |  sky130_fd_pr__pfet_01v8/(1|3) = 1        
  sky130_fd_pr__nfet_01v8/2 = 1            |  sky130_fd_pr__nfet_01v8/2 = 1            
                                           |                                           
Net: net109                                |Net: /half_dac_for_mirroring_0//dummy_curr 
  sky130_fd_pr__pfet_01v8/(1|3) = 1        |  sky130_fd_pr__nfet_01v8/(1|3) = 2        
  sky130_fd_pr__nfet_01v8/(1|3) = 2        |  sky130_fd_pr__pfet_01v8/2 = 1            
  sky130_fd_pr__pfet_01v8/2 = 1            |  sky130_fd_pr__pfet_01v8/(1|3) = 1        
  sky130_fd_pr__nfet_01v8/2 = 1            |  sky130_fd_pr__nfet_01v8/2 = 1            
                                           |                                           
Net: net103                                |Net: /half_dac_for_mirroring_1//dummy_curr 
  sky130_fd_pr__pfet_01v8/(1|3) = 1        |  sky130_fd_pr__nfet_01v8/(1|3) = 2        
  sky130_fd_pr__nfet_01v8/(1|3) = 2        |  sky130_fd_pr__pfet_01v8/2 = 1            
  sky130_fd_pr__pfet_01v8/2 = 1            |  sky130_fd_pr__pfet_01v8/(1|3) = 1        
  sky130_fd_pr__nfet_01v8/2 = 1            |  sky130_fd_pr__nfet_01v8/2 = 1            
                                           |                                           
Net: net101                                |Net: /half_dac_for_mirroring_1//dummy_curr 
  sky130_fd_pr__pfet_01v8/(1|3) = 1        |  sky130_fd_pr__nfet_01v8/(1|3) = 2        
  sky130_fd_pr__nfet_01v8/(1|3) = 2        |  sky130_fd_pr__pfet_01v8/2 = 1            
  sky130_fd_pr__pfet_01v8/2 = 1            |  sky130_fd_pr__pfet_01v8/(1|3) = 1        
  sky130_fd_pr__nfet_01v8/2 = 1            |  sky130_fd_pr__nfet_01v8/2 = 1            
                                           |                                           
Net: net99                                 |Net: /half_dac_for_mirroring_1//dummy_curr 
  sky130_fd_pr__pfet_01v8/(1|3) = 1        |  sky130_fd_pr__nfet_01v8/(1|3) = 2        
  sky130_fd_pr__nfet_01v8/(1|3) = 2        |  sky130_fd_pr__pfet_01v8/2 = 1            
  sky130_fd_pr__pfet_01v8/2 = 1            |  sky130_fd_pr__pfet_01v8/(1|3) = 1        
  sky130_fd_pr__nfet_01v8/2 = 1            |  sky130_fd_pr__nfet_01v8/2 = 1            
                                           |                                           
Net: net97                                 |Net: /half_dac_for_mirroring_1//dummy_curr 
  sky130_fd_pr__pfet_01v8/(1|3) = 1        |  sky130_fd_pr__nfet_01v8/(1|3) = 2        
  sky130_fd_pr__nfet_01v8/(1|3) = 2        |  sky130_fd_pr__pfet_01v8/2 = 1            
  sky130_fd_pr__pfet_01v8/2 = 1            |  sky130_fd_pr__pfet_01v8/(1|3) = 1        
  sky130_fd_pr__nfet_01v8/2 = 1            |  sky130_fd_pr__nfet_01v8/2 = 1            
---------------------------------------------------------------------------------------

---------------------------------------------------------------------------------------
Net: unit_cell_decoder:113/net1            |Net: /half_dac_for_mirroring_0//current_st 
  sky130_fd_pr__pfet_01v8/(1|3) = 3        |  sky130_fd_pr__pfet_01v8/(1|3) = 3        
                                           |                                           
Net: unit_cell_decoder:112/net1            |Net: /half_dac_for_mirroring_0//current_st 
  sky130_fd_pr__pfet_01v8/(1|3) = 3        |  sky130_fd_pr__pfet_01v8/(1|3) = 3        
                                           |                                           
Net: unit_cell_decoder:111/net1            |Net: /half_dac_for_mirroring_0//current_st 
  sky130_fd_pr__pfet_01v8/(1|3) = 3        |  sky130_fd_pr__pfet_01v8/(1|3) = 3        
                                           |                                           
Net: unit_cell_decoder:110/net1            |Net: /half_dac_for_mirroring_0//current_st 
  sky130_fd_pr__pfet_01v8/(1|3) = 3        |  sky130_fd_pr__pfet_01v8/(1|3) = 3        
                                           |                                           
Net: unit_cell_decoder:101/net1            |Net: /half_dac_for_mirroring_1//current_st 
  sky130_fd_pr__pfet_01v8/(1|3) = 3        |  sky130_fd_pr__pfet_01v8/(1|3) = 3        
                                           |                                           
Net: unit_cell_decoder:100/net1            |Net: /half_dac_for_mirroring_1//current_st 
  sky130_fd_pr__pfet_01v8/(1|3) = 3        |  sky130_fd_pr__pfet_01v8/(1|3) = 3        
                                           |                                           
Net: unit_cell_decoder:99/net1             |Net: /half_dac_for_mirroring_1//current_st 
  sky130_fd_pr__pfet_01v8/(1|3) = 3        |  sky130_fd_pr__pfet_01v8/(1|3) = 3        
                                           |                                           
Net: unit_cell_decoder:98/net1             |Net: /half_dac_for_mirroring_1//current_st 
  sky130_fd_pr__pfet_01v8/(1|3) = 3        |  sky130_fd_pr__pfet_01v8/(1|3) = 3        
                                           |                                           
Net: unit_cell_decoder:49/net1             |Net: /half_dac_for_mirroring_0//dummy_curr 
  sky130_fd_pr__pfet_01v8/(1|3) = 3        |  sky130_fd_pr__pfet_01v8/(1|3) = 3        
                                           |                                           
Net: unit_cell_decoder:45/net1             |Net: /half_dac_for_mirroring_0//dummy_curr 
  sky130_fd_pr__pfet_01v8/(1|3) = 3        |  sky130_fd_pr__pfet_01v8/(1|3) = 3        
                                           |                                           
Net: unit_cell_decoder:41/net1             |Net: /half_dac_for_mirroring_0//dummy_curr 
  sky130_fd_pr__pfet_01v8/(1|3) = 3        |  sky130_fd_pr__pfet_01v8/(1|3) = 3        
                                           |                                           
Net: unit_cell_decoder:37/net1             |Net: /half_dac_for_mirroring_0//dummy_curr 
  sky130_fd_pr__pfet_01v8/(1|3) = 3        |  sky130_fd_pr__pfet_01v8/(1|3) = 3        
                                           |                                           
Net: unit_cell_decoder:30/net1             |Net: /half_dac_for_mirroring_1//dummy_curr 
  sky130_fd_pr__pfet_01v8/(1|3) = 3        |  sky130_fd_pr__pfet_01v8/(1|3) = 3        
                                           |                                           
Net: unit_cell_decoder:22/net1             |Net: /half_dac_for_mirroring_1//dummy_curr 
  sky130_fd_pr__pfet_01v8/(1|3) = 3        |  sky130_fd_pr__pfet_01v8/(1|3) = 3        
                                           |                                           
Net: unit_cell_decoder:14/net1             |Net: /half_dac_for_mirroring_1//dummy_curr 
  sky130_fd_pr__pfet_01v8/(1|3) = 3        |  sky130_fd_pr__pfet_01v8/(1|3) = 3        
                                           |                                           
Net: unit_cell_decoder:5/net1              |Net: /half_dac_for_mirroring_1//dummy_curr 
  sky130_fd_pr__pfet_01v8/(1|3) = 3        |  sky130_fd_pr__pfet_01v8/(1|3) = 3        
---------------------------------------------------------------------------------------

---------------------------------------------------------------------------------------
Net: net63                                 |Net: /half_dac_for_mirroring_0//current_st 
  sky130_fd_pr__pfet_01v8/(1|3) = 1        |  sky130_fd_pr__nfet_01v8/(1|3) = 2        
  sky130_fd_pr__nfet_01v8/(1|3) = 2        |  sky130_fd_pr__pfet_01v8/2 = 1            
  sky130_fd_pr__pfet_01v8/2 = 1            |  sky130_fd_pr__pfet_01v8/(1|3) = 1        
  sky130_fd_pr__nfet_01v8/2 = 2            |  sky130_fd_pr__nfet_01v8/2 = 2            
                                           |                                           
Net: net55                                 |Net: /half_dac_for_mirroring_0//current_st 
  sky130_fd_pr__pfet_01v8/(1|3) = 1        |  sky130_fd_pr__nfet_01v8/(1|3) = 2        
  sky130_fd_pr__nfet_01v8/(1|3) = 2        |  sky130_fd_pr__pfet_01v8/2 = 1            
  sky130_fd_pr__pfet_01v8/2 = 1            |  sky130_fd_pr__pfet_01v8/(1|3) = 1        
  sky130_fd_pr__nfet_01v8/2 = 2            |  sky130_fd_pr__nfet_01v8/2 = 2            
                                           |                                           
Net: net47                                 |Net: /half_dac_for_mirroring_0//current_st 
  sky130_fd_pr__pfet_01v8/(1|3) = 1        |  sky130_fd_pr__nfet_01v8/(1|3) = 2        
  sky130_fd_pr__nfet_01v8/(1|3) = 2        |  sky130_fd_pr__pfet_01v8/2 = 1            
  sky130_fd_pr__pfet_01v8/2 = 1            |  sky130_fd_pr__pfet_01v8/(1|3) = 1        
  sky130_fd_pr__nfet_01v8/2 = 2            |  sky130_fd_pr__nfet_01v8/2 = 2            
                                           |                                           
Net: net39                                 |Net: /half_dac_for_mirroring_0//current_st 
  sky130_fd_pr__pfet_01v8/(1|3) = 1        |  sky130_fd_pr__nfet_01v8/(1|3) = 2        
  sky130_fd_pr__nfet_01v8/(1|3) = 2        |  sky130_fd_pr__pfet_01v8/2 = 1            
  sky130_fd_pr__pfet_01v8/2 = 1            |  sky130_fd_pr__pfet_01v8/(1|3) = 1        
  sky130_fd_pr__nfet_01v8/2 = 2            |  sky130_fd_pr__nfet_01v8/2 = 2            
                                           |                                           
Net: net25                                 |Net: /half_dac_for_mirroring_1//current_st 
  sky130_fd_pr__pfet_01v8/(1|3) = 1        |  sky130_fd_pr__nfet_01v8/(1|3) = 2        
  sky130_fd_pr__nfet_01v8/(1|3) = 2        |  sky130_fd_pr__pfet_01v8/2 = 1            
  sky130_fd_pr__pfet_01v8/2 = 1            |  sky130_fd_pr__pfet_01v8/(1|3) = 1        
  sky130_fd_pr__nfet_01v8/2 = 2            |  sky130_fd_pr__nfet_01v8/2 = 2            
                                           |                                           
Net: net17                                 |Net: /half_dac_for_mirroring_1//current_st 
  sky130_fd_pr__pfet_01v8/(1|3) = 1        |  sky130_fd_pr__nfet_01v8/(1|3) = 2        
  sky130_fd_pr__nfet_01v8/(1|3) = 2        |  sky130_fd_pr__pfet_01v8/2 = 1            
  sky130_fd_pr__pfet_01v8/2 = 1            |  sky130_fd_pr__pfet_01v8/(1|3) = 1        
  sky130_fd_pr__nfet_01v8/2 = 2            |  sky130_fd_pr__nfet_01v8/2 = 2            
                                           |                                           
Net: net9                                  |Net: /half_dac_for_mirroring_1//current_st 
  sky130_fd_pr__pfet_01v8/(1|3) = 1        |  sky130_fd_pr__nfet_01v8/(1|3) = 2        
  sky130_fd_pr__nfet_01v8/(1|3) = 2        |  sky130_fd_pr__pfet_01v8/2 = 1            
  sky130_fd_pr__pfet_01v8/2 = 1            |  sky130_fd_pr__pfet_01v8/(1|3) = 1        
  sky130_fd_pr__nfet_01v8/2 = 2            |  sky130_fd_pr__nfet_01v8/2 = 2            
                                           |                                           
Net: net1                                  |Net: /half_dac_for_mirroring_1//current_st 
  sky130_fd_pr__pfet_01v8/(1|3) = 1        |  sky130_fd_pr__nfet_01v8/(1|3) = 2        
  sky130_fd_pr__nfet_01v8/(1|3) = 2        |  sky130_fd_pr__pfet_01v8/2 = 1            
  sky130_fd_pr__pfet_01v8/2 = 1            |  sky130_fd_pr__pfet_01v8/(1|3) = 1        
  sky130_fd_pr__nfet_01v8/2 = 2            |  sky130_fd_pr__nfet_01v8/2 = 2            
---------------------------------------------------------------------------------------

---------------------------------------------------------------------------------------
Net: GND                                   |Net: GND                                   
  sky130_fd_pr__nfet_01v8/4 = 480          |  sky130_fd_pr__nfet_01v8/4 = 480          
  sky130_fd_pr__nfet_01v8/(1|3) = 240      |  sky130_fd_pr__nfet_01v8/(1|3) = 240      
  sky130_fd_pr__pfet_01v8/2 = 52           |  sky130_fd_pr__pfet_01v8/2 = 52           
  sky130_fd_pr__nfet_01v8/2 = 112          |  sky130_fd_pr__nfet_01v8/2 = 112          
---------------------------------------------------------------------------------------

---------------------------------------------------------------------------------------
Net: VDD                                   |Net: VDD                                   
  sky130_fd_pr__pfet_01v8/(1|3) = 176      |  sky130_fd_pr__pfet_01v8/(1|3) = 176      
  sky130_fd_pr__pfet_01v8/4 = 236          |  sky130_fd_pr__pfet_01v8/4 = 236          
---------------------------------------------------------------------------------------

---------------------------------------------------------------------------------------
Net: X1                                    |Net: X1                                    
  sky130_fd_pr__pfet_01v8/2 = 24           |  sky130_fd_pr__pfet_01v8/2 = 24           
  sky130_fd_pr__nfet_01v8/2 = 24           |  sky130_fd_pr__nfet_01v8/2 = 24           
---------------------------------------------------------------------------------------
DEVICE mismatches: Class fragments follow (with node fanout counts):
Circuit 1: current_steering_dac_xschem.spi |Circuit 2: current_steering_dac.spice      

---------------------------------------------------------------------------------------
Instance: unit_cell_decoder:113/sky130_fd_ |Instance: half_dac_for_mirroring_0//dummy_ 
  (1,3) = (884,5)                          |  (1,3) = (884,5)                          
  2 = 884                                  |  2 = 48                                   
  4 = 884                                  |  4 = 884                                  
                                           |                                           
Instance: unit_cell_decoder:112/sky130_fd_ |Instance: half_dac_for_mirroring_0//dummy_ 
  (1,3) = (884,5)                          |  (1,3) = (884,5)                          
  2 = 884                                  |  2 = 48                                   
  4 = 884                                  |  4 = 884                                  
                                           |                                           
Instance: unit_cell_decoder:111/sky130_fd_ |Instance: half_dac_for_mirroring_0//dummy_ 
  (1,3) = (884,5)                          |  (1,3) = (884,5)                          
  2 = 884                                  |  2 = 48                                   
  4 = 884                                  |  4 = 884                                  
                                           |                                           
Instance: unit_cell_decoder:110/sky130_fd_ |Instance: half_dac_for_mirroring_0//dummy_ 
  (1,3) = (884,5)                          |  (1,3) = (884,5)                          
  2 = 884                                  |  2 = 48                                   
  4 = 884                                  |  4 = 884                                  
                                           |                                           
Instance: unit_cell_decoder:101/sky130_fd_ |Instance: half_dac_for_mirroring_1//dummy_ 
  (1,3) = (884,5)                          |  (1,3) = (884,5)                          
  2 = 884                                  |  2 = 48                                   
  4 = 884                                  |  4 = 884                                  
                                           |                                           
Instance: unit_cell_decoder:100/sky130_fd_ |Instance: half_dac_for_mirroring_1//dummy_ 
  (1,3) = (884,5)                          |  (1,3) = (884,5)                          
  2 = 884                                  |  2 = 48                                   
  4 = 884                                  |  4 = 884                                  
                                           |                                           
Instance: unit_cell_decoder:99/sky130_fd_p |Instance: half_dac_for_mirroring_1//dummy_ 
  (1,3) = (884,5)                          |  (1,3) = (884,5)                          
  2 = 884                                  |  2 = 48                                   
  4 = 884                                  |  4 = 884                                  
                                           |                                           
Instance: unit_cell_decoder:98/sky130_fd_p |Instance: half_dac_for_mirroring_1//dummy_ 
  (1,3) = (884,5)                          |  (1,3) = (884,5)                          
  2 = 884                                  |  2 = 48                                   
  4 = 884                                  |  4 = 884                                  
                                           |                                           
Instance: unit_cell_decoder:49/sky130_fd_p |Instance: half_dac_for_mirroring_0//curren 
  (1,3) = (884,6)                          |  (1,3) = (884,6)                          
  2 = 48                                   |  2 = 884                                  
  4 = 884                                  |  4 = 884                                  
                                           |                                           
Instance: unit_cell_decoder:45/sky130_fd_p |Instance: half_dac_for_mirroring_0//curren 
  (1,3) = (884,6)                          |  (1,3) = (884,6)                          
  2 = 48                                   |  2 = 884                                  
  4 = 884                                  |  4 = 884                                  
                                           |                                           
Instance: unit_cell_decoder:41/sky130_fd_p |Instance: half_dac_for_mirroring_0//curren 
  (1,3) = (884,6)                          |  (1,3) = (884,6)                          
  2 = 48                                   |  2 = 884                                  
  4 = 884                                  |  4 = 884                                  
                                           |                                           
Instance: unit_cell_decoder:37/sky130_fd_p |Instance: half_dac_for_mirroring_0//curren 
  (1,3) = (884,6)                          |  (1,3) = (884,6)                          
  2 = 48                                   |  2 = 884                                  
  4 = 884                                  |  4 = 884                                  
                                           |                                           
Instance: unit_cell_decoder:30/sky130_fd_p |Instance: half_dac_for_mirroring_1//curren 
  (1,3) = (884,6)                          |  (1,3) = (884,6)                          
  2 = 48                                   |  2 = 884                                  
  4 = 884                                  |  4 = 884                                  
                                           |                                           
Instance: unit_cell_decoder:22/sky130_fd_p |Instance: half_dac_for_mirroring_1//curren 
  (1,3) = (884,6)                          |  (1,3) = (884,6)                          
  2 = 48                                   |  2 = 884                                  
  4 = 884                                  |  4 = 884                                  
                                           |                                           
Instance: unit_cell_decoder:14/sky130_fd_p |Instance: half_dac_for_mirroring_1//curren 
  (1,3) = (884,6)                          |  (1,3) = (884,6)                          
  2 = 48                                   |  2 = 884                                  
  4 = 884                                  |  4 = 884                                  
                                           |                                           
Instance: unit_cell_decoder:5/sky130_fd_pr |Instance: half_dac_for_mirroring_1//curren 
  (1,3) = (884,6)                          |  (1,3) = (884,6)                          
  2 = 48                                   |  2 = 884                                  
  4 = 884                                  |  4 = 884                                  
---------------------------------------------------------------------------------------

---------------------------------------------------------------------------------------
Instance: unit_cell_decoder:113/sky130_fd_ |Instance: half_dac_for_mirroring_0//dummy_ 
  (1,3) = (5,3)                            |  (1,3) = (5,3)                            
  2 = 884                                  |  2 = 48                                   
  4 = 412                                  |  4 = 412                                  
                                           |                                           
Instance: unit_cell_decoder:112/sky130_fd_ |Instance: half_dac_for_mirroring_0//dummy_ 
  (1,3) = (5,3)                            |  (1,3) = (5,3)                            
  2 = 884                                  |  2 = 48                                   
  4 = 412                                  |  4 = 412                                  
                                           |                                           
Instance: unit_cell_decoder:111/sky130_fd_ |Instance: half_dac_for_mirroring_0//dummy_ 
  (1,3) = (5,3)                            |  (1,3) = (5,3)                            
  2 = 884                                  |  2 = 48                                   
  4 = 412                                  |  4 = 412                                  
                                           |                                           
Instance: unit_cell_decoder:110/sky130_fd_ |Instance: half_dac_for_mirroring_0//dummy_ 
  (1,3) = (5,3)                            |  (1,3) = (5,3)                            
  2 = 884                                  |  2 = 48                                   
  4 = 412                                  |  4 = 412                                  
                                           |                                           
Instance: unit_cell_decoder:101/sky130_fd_ |Instance: half_dac_for_mirroring_1//dummy_ 
  (1,3) = (5,3)                            |  (1,3) = (5,3)                            
  2 = 884                                  |  2 = 48                                   
  4 = 412                                  |  4 = 412                                  
                                           |                                           
Instance: unit_cell_decoder:100/sky130_fd_ |Instance: half_dac_for_mirroring_1//dummy_ 
  (1,3) = (5,3)                            |  (1,3) = (5,3)                            
  2 = 884                                  |  2 = 48                                   
  4 = 412                                  |  4 = 412                                  
                                           |                                           
Instance: unit_cell_decoder:99/sky130_fd_p |Instance: half_dac_for_mirroring_1//dummy_ 
  (1,3) = (5,3)                            |  (1,3) = (5,3)                            
  2 = 884                                  |  2 = 48                                   
  4 = 412                                  |  4 = 412                                  
                                           |                                           
Instance: unit_cell_decoder:98/sky130_fd_p |Instance: half_dac_for_mirroring_1//dummy_ 
  (1,3) = (5,3)                            |  (1,3) = (5,3)                            
  2 = 884                                  |  2 = 48                                   
  4 = 412                                  |  4 = 412                                  
                                           |                                           
Instance: unit_cell_decoder:49/sky130_fd_p |Instance: half_dac_for_mirroring_0//curren 
  (1,3) = (6,3)                            |  (1,3) = (6,3)                            
  2 = 48                                   |  2 = 884                                  
  4 = 412                                  |  4 = 412                                  
                                           |                                           
Instance: unit_cell_decoder:45/sky130_fd_p |Instance: half_dac_for_mirroring_0//curren 
  (1,3) = (6,3)                            |  (1,3) = (6,3)                            
  2 = 48                                   |  2 = 884                                  
  4 = 412                                  |  4 = 412                                  
                                           |                                           
Instance: unit_cell_decoder:41/sky130_fd_p |Instance: half_dac_for_mirroring_0//curren 
  (1,3) = (6,3)                            |  (1,3) = (6,3)                            
  2 = 48                                   |  2 = 884                                  
  4 = 412                                  |  4 = 412                                  
                                           |                                           
Instance: unit_cell_decoder:37/sky130_fd_p |Instance: half_dac_for_mirroring_0//curren 
  (1,3) = (6,3)                            |  (1,3) = (6,3)                            
  2 = 48                                   |  2 = 884                                  
  4 = 412                                  |  4 = 412                                  
                                           |                                           
Instance: unit_cell_decoder:30/sky130_fd_p |Instance: half_dac_for_mirroring_1//curren 
  (1,3) = (6,3)                            |  (1,3) = (6,3)                            
  2 = 48                                   |  2 = 884                                  
  4 = 412                                  |  4 = 412                                  
                                           |                                           
Instance: unit_cell_decoder:22/sky130_fd_p |Instance: half_dac_for_mirroring_1//curren 
  (1,3) = (6,3)                            |  (1,3) = (6,3)                            
  2 = 48                                   |  2 = 884                                  
  4 = 412                                  |  4 = 412                                  
                                           |                                           
Instance: unit_cell_decoder:14/sky130_fd_p |Instance: half_dac_for_mirroring_1//curren 
  (1,3) = (6,3)                            |  (1,3) = (6,3)                            
  2 = 48                                   |  2 = 884                                  
  4 = 412                                  |  4 = 412                                  
                                           |                                           
Instance: unit_cell_decoder:5/sky130_fd_pr |Instance: half_dac_for_mirroring_1//curren 
  (1,3) = (6,3)                            |  (1,3) = (6,3)                            
  2 = 48                                   |  2 = 884                                  
  4 = 412                                  |  4 = 412                                  
---------------------------------------------------------------------------------------
Netlists do not match.
Cells have no pins;  pin matching not needed.
Device classes current_steering_dac_xschem.spice and current_steering_dac.spice are equivalent.

Final result: Netlists do not match.
